Arguments: 
  C:\Program Files\nodejs\node.exe C:\Program Files (x86)\Yarn\bin\yarn.js add native-base

PATH: 
  C:\ProgramData\Oracle\Java\javapath;C:\Program Files (x86)\Intel\iCLS Client\;C:\Program Files\Intel\iCLS Client\;C:\Program Files\Common Files\Microsoft Shared\Windows Live;C:\Program Files (x86)\Common Files\Microsoft Shared\Windows Live;C:\WINDOWS\system32;C:\WINDOWS;C:\WINDOWS\System32\Wbem;C:\WINDOWS\System32\WindowsPowerShell\v1.0\;C:\Program Files (x86)\Windows Live\Shared;C:\Program Files\Intel\Intel(R) Management Engine Components\DAL;C:\Program Files\Intel\Intel(R) Management Engine Components\IPT;C:\Program Files (x86)\Intel\Intel(R) Management Engine Components\DAL;C:\Program Files (x86)\Intel\Intel(R) Management Engine Components\IPT;C:\Program Files\Java\jdk1.8.0_92\bin;C:\Dwimperl\perl\bin;C:\Dwimperl\perl\site\bin;C:\Dwimperl\c\bin;C:\Program Files (x86)\Skype\Phone\;C:\HashiCorp\Vagrant\bin;C:\Program Files\Git\cmd;C:\Program Files\nodejs\;C:\Go\bin;C:\TDM-GCC-64\bin;C:\Program Files\PuTTY\;C:\Program Files (x86)\Yarn\bin;C:\Program Files\Java\jdk1.8.0_92\bin;;C:\Program Files\Docker Toolbox;C:\Program Files\Git\bin;C:\Program Files\Git\usr\bin;C:\Program Files\nodejs;C:\Users\bezzalan\AppData\Roaming\npm;C:\Users\bezzalan\AppData\Local\Yarn\bin

Yarn version: 
  0.27.5

Node version: 
  6.9.1

Platform: 
  win32 x64

npm manifest: 
  {
    "name": "giraffeetesting",
    "version": "0.0.0",
    "description": "Hello Expo!",
    "author": null,
    "main": "main.js",
    "scripts": {
      "test": "node node_modules/jest/bin/jest.js"
    },
    "jest": {
      "preset": "jest-expo"
    },
    "dependencies": {
      "@expo/ex-navigation": "~3.0.0",
      "@expo/samples": "~1.0.3",
      "expo": "17.0.0",
      "react": "16.0.0-alpha.6",
      "react-native": "https://github.com/expo/react-native/archive/sdk-17.0.0.tar.gz"
    },
    "devDependencies": {
      "jest-expo": "~1.0.1"
    }
  }

yarn manifest: 
  No manifest

Lockfile: 
  No lockfile

Trace: 
  Error: getaddrinfo ENOTFOUND nzakleproxyvip.zeus.ghsewn.com nzakleproxyvip.zeus.ghsewn.com:8080
      at errnoException (dns.js:28:10)
      at GetAddrInfoReqWrap.onlookup [as oncomplete] (dns.js:76:26)
